{"level":"warning","message":"running with fakeredis","timestamp":"2014-03-13T03:22:22.219Z"}
{"level":"notice","message":"running in development mode","timestamp":"2014-03-13T03:22:22.251Z"}
{"level":"info","message":"environment: development","timestamp":"2014-03-13T03:22:22.251Z"}
{"level":"notice","message":"pid: 76240","timestamp":"2014-03-13T03:22:22.252Z"}
{"level":"info","message":"ensuring the existence of the chatRoom: defaultRoom","timestamp":"2014-03-13T03:22:22.260Z"}
{"level":"notice","message":"starting server: web","timestamp":"2014-03-13T03:22:22.262Z"}
{"level":"notice","message":"starting server: websocket","timestamp":"2014-03-13T03:22:22.263Z"}
{"level":"notice","message":"webSockets bound to 0.0.0.0:8080 mounted at /faye","timestamp":"2014-03-13T03:22:22.263Z"}
{"level":"notice","message":"server ID: 192.168.0.12","timestamp":"2014-03-13T03:22:23.261Z"}
{"level":"notice","message":"*** Server Started @ 2014-03-12 20:22:22 ***","timestamp":"2014-03-13T03:22:23.262Z"}
{"level":"info","message":"\r\n\r\n*** rebooting due to config change ***\r\n\r\n","timestamp":"2014-03-13T03:31:09.524Z"}
{"level":"alert","message":"Shutting down open servers and stopping task processing","timestamp":"2014-03-13T03:31:09.524Z"}
{"level":"notice","message":"stopping server: web","timestamp":"2014-03-13T03:31:09.527Z"}
{"level":"notice","message":"stopping server: websocket","timestamp":"2014-03-13T03:31:09.527Z"}
{"level":"alert","message":"The actionhero has been stopped","timestamp":"2014-03-13T03:31:10.029Z"}
{"level":"warning","message":"running with fakeredis","timestamp":"2014-03-13T03:31:10.036Z"}
{"level":"notice","message":"running in development mode","timestamp":"2014-03-13T03:31:10.038Z"}
{"level":"info","message":"environment: development","timestamp":"2014-03-13T03:31:10.038Z"}
{"level":"notice","message":"pid: 76240","timestamp":"2014-03-13T03:31:10.039Z"}
{"level":"info","message":"ensuring the existence of the chatRoom: defaultRoom","timestamp":"2014-03-13T03:31:10.040Z"}
{"level":"notice","message":"starting server: web","timestamp":"2014-03-13T03:31:10.040Z"}
{"level":"notice","message":"starting server: websocket","timestamp":"2014-03-13T03:31:10.040Z"}
{"level":"notice","message":"webSockets bound to 0.0.0.0:8080 mounted at /faye","timestamp":"2014-03-13T03:31:10.040Z"}
{"level":"notice","message":"server ID: 192.168.0.12","timestamp":"2014-03-13T03:31:11.040Z"}
{"level":"notice","message":"*** Server Started @ 2014-03-12 20:31:10 ***","timestamp":"2014-03-13T03:31:11.041Z"}
{"level":"notice","message":"actionhero restarted","timestamp":"2014-03-13T03:31:11.041Z"}
